Using pre-set license
Built from '2021.1/release' branch; Version is '2021.1.0f1 (61a549675243) revision 6399305'; Using compiler version '192528614'; Build Type 'Release'
OS: 'Windows 10 Pro; OS build 19042.1466; Version 2009; 64bit' Language: 'es' Physical Memory: 8034 MB
BatchMode: 1, IsHumanControllingUs: 0, StartBugReporterOnCrash: 0, Is64bit: 1, IsPro: 0

 COMMAND LINE ARGUMENTS:
D:\Unity\2021.1.0f1\Editor\Unity.exe
-adb2
-batchMode
-noUpm
-name
AssetImportWorker1
-projectPath
D:/Proyectos_Unity/Laberinto2D
-logFile
Logs/AssetImportWorker1.log
-srvPort
10551
Successfully changed project path to: D:/Proyectos_Unity/Laberinto2D
D:/Proyectos_Unity/Laberinto2D
Using Asset Import Pipeline V2.
Refreshing native plugins compatible for Editor in 103.50 ms, found 2 plugins.
Preloading 0 native plugins for Editor in 0.00 ms.
Initialize engine version: 2021.1.0f1 (61a549675243)
[Subsystems] Discovering subsystems at path D:/Unity/2021.1.0f1/Editor/Data/Resources/UnitySubsystems
[Subsystems] Discovering subsystems at path D:/Proyectos_Unity/Laberinto2D/Assets
GfxDevice: creating device client; threaded=0; jobified=0
Direct3D:
    Version:  Direct3D 11.0 [level 11.1]
    Renderer: NVIDIA GeForce GTX 1050 Ti (ID=0x1c8c)
    Vendor:   NVIDIA
    VRAM:     4018 MB
    Driver:   26.21.14.4223
Initialize mono
Mono path[0] = 'D:/Unity/2021.1.0f1/Editor/Data/Managed'
Mono path[1] = 'D:/Unity/2021.1.0f1/Editor/Data/MonoBleedingEdge/lib/mono/unityjit'
Mono config path = 'D:/Unity/2021.1.0f1/Editor/Data/MonoBleedingEdge/etc'
Using monoOptions --debugger-agent=transport=dt_socket,embedding=1,server=y,suspend=n,address=127.0.0.1:56924
Begin MonoManager ReloadAssembly
Registering precompiled unity dll's ...
Register platform support module: D:/Unity/2021.1.0f1/Editor/Data/PlaybackEngines/WindowsStandaloneSupport/UnityEditor.WindowsStandalone.Extensions.dll
Registered in 0.004399 seconds.
Native extension for WindowsStandalone target not found
Refreshing native plugins compatible for Editor in 110.42 ms, found 2 plugins.
Preloading 0 native plugins for Editor in 0.00 ms.
Mono: successfully reloaded assembly
- Completed reload, in  1.640 seconds
Platform modules already initialized, skipping
Registering precompiled user dll's ...
Registered in 0.006204 seconds.
Begin MonoManager ReloadAssembly
Native extension for WindowsStandalone target not found
Refreshing native plugins compatible for Editor in 105.43 ms, found 2 plugins.
Preloading 0 native plugins for Editor in 0.00 ms.
Mono: successfully reloaded assembly
- Completed reload, in  1.939 seconds
Platform modules already initialized, skipping
========================================================================
Worker process is ready to serve import requests
Launched and connected shader compiler UnityShaderCompiler.exe after 0.08 seconds
Refreshing native plugins compatible for Editor in 1.42 ms, found 2 plugins.
Preloading 0 native plugins for Editor in 0.00 ms.
Unloading 3365 Unused Serialized files (Serialized files now loaded: 0)
System memory in use before: 127.4 MB.
System memory in use after: 127.5 MB.

Unloading 29 unused Assets to reduce memory usage. Loaded Objects now: 3816.
Total: 3.077000 ms (FindLiveObjects: 0.525500 ms CreateObjectMapping: 0.274400 ms MarkObjects: 2.163800 ms  DeleteObjects: 0.112100 ms)

========================================================================
Received Import Request.
  path: Assets/Scenes
  artifactKey: Guid(27268f2719a45164c95aa6bf25d07778) Importer(815301076,1909f56bfc062723c751e8b465ee728b)
Start importing Assets/Scenes using Guid(27268f2719a45164c95aa6bf25d07778) Importer(815301076,1909f56bfc062723c751e8b465ee728b)  -> (artifact id: '4f645582e0384cd2c6a933e4c3a304df') in 0.005797 seconds 
========================================================================
Received Import Request.
  Time since last request: 0.000608 seconds.
  path: Assets/Scenes/Main.unity
  artifactKey: Guid(8e9cff65a1541a24f8847447b0c86987) Importer(815301076,1909f56bfc062723c751e8b465ee728b)
Start importing Assets/Scenes/Main.unity using Guid(8e9cff65a1541a24f8847447b0c86987) Importer(815301076,1909f56bfc062723c751e8b465ee728b)  -> (artifact id: '983bef789105287076fa3cfc1f198070') in 0.038438 seconds 
========================================================================
Received Import Request.
  Time since last request: 11.845462 seconds.
  path: Assets/Scenes/Nivel1.unity
  artifactKey: Guid(219f301434027ea4fbfa7dcfa8db4de6) Importer(815301076,1909f56bfc062723c751e8b465ee728b)
Start importing Assets/Scenes/Nivel1.unity using Guid(219f301434027ea4fbfa7dcfa8db4de6) Importer(815301076,1909f56bfc062723c751e8b465ee728b)  -> (artifact id: 'b473a8a72f51ee622dbc595d3eed0050') in 0.003109 seconds 
========================================================================
Received Import Request.
  Time since last request: 19.808298 seconds.
  path: Assets/Scenes/Nivel2.unity
  artifactKey: Guid(60f5df7fcaddad848bffded629cc2d96) Importer(815301076,1909f56bfc062723c751e8b465ee728b)
Start importing Assets/Scenes/Nivel2.unity using Guid(60f5df7fcaddad848bffded629cc2d96) Importer(815301076,1909f56bfc062723c751e8b465ee728b)  -> (artifact id: '850c257c0547efd46addb5cda2dd5e98') in 0.003093 seconds 
========================================================================
Received Import Request.
  Time since last request: 10.854227 seconds.
  path: Assets/Scenes/Nivel3.unity
  artifactKey: Guid(90cc0013a01be2145ab7ff74634a97ca) Importer(815301076,1909f56bfc062723c751e8b465ee728b)
Start importing Assets/Scenes/Nivel3.unity using Guid(90cc0013a01be2145ab7ff74634a97ca) Importer(815301076,1909f56bfc062723c751e8b465ee728b)  -> (artifact id: 'df02195f39fedb2cfec6b12e1933dda2') in 0.002865 seconds 
========================================================================
Received Import Request.
  Time since last request: 8.572741 seconds.
  path: Assets/Scenes/Nivel4.unity
  artifactKey: Guid(82cc07613ad7bb847b32507d11892510) Importer(815301076,1909f56bfc062723c751e8b465ee728b)
Start importing Assets/Scenes/Nivel4.unity using Guid(82cc07613ad7bb847b32507d11892510) Importer(815301076,1909f56bfc062723c751e8b465ee728b)  -> (artifact id: '8f02150ce09d5cfedd80fd712a446b16') in 0.003610 seconds 
========================================================================
Received Import Request.
  Time since last request: 504.337656 seconds.
  path: Assets/Scenes/Main.unity
  artifactKey: Guid(8e9cff65a1541a24f8847447b0c86987) Importer(815301076,1909f56bfc062723c751e8b465ee728b)
Start importing Assets/Scenes/Main.unity using Guid(8e9cff65a1541a24f8847447b0c86987) Importer(815301076,1909f56bfc062723c751e8b465ee728b)  -> (artifact id: '7bbcb34f9eb4631b0d3fd14cc008ca9b') in 0.005166 seconds 
AssetImportWorkerClient::OnTransportError - code=2 error=End of file
