Using pre-set license
Built from '2021.1/release' branch; Version is '2021.1.0f1 (61a549675243) revision 6399305'; Using compiler version '192528614'; Build Type 'Release'
OS: 'Windows 10 Pro; OS build 19042.1466; Version 2009; 64bit' Language: 'es' Physical Memory: 8034 MB
BatchMode: 1, IsHumanControllingUs: 0, StartBugReporterOnCrash: 0, Is64bit: 1, IsPro: 0

 COMMAND LINE ARGUMENTS:
D:\Unity\2021.1.0f1\Editor\Unity.exe
-adb2
-batchMode
-noUpm
-name
AssetImportWorker0
-projectPath
D:/Proyectos_Unity/Laberinto2D
-logFile
Logs/AssetImportWorker0.log
-srvPort
7416
Successfully changed project path to: D:/Proyectos_Unity/Laberinto2D
D:/Proyectos_Unity/Laberinto2D
Using Asset Import Pipeline V2.
Refreshing native plugins compatible for Editor in 32.20 ms, found 1 plugins.
Preloading 0 native plugins for Editor in 0.00 ms.
Initialize engine version: 2021.1.0f1 (61a549675243)
[Subsystems] Discovering subsystems at path D:/Unity/2021.1.0f1/Editor/Data/Resources/UnitySubsystems
[Subsystems] Discovering subsystems at path D:/Proyectos_Unity/Laberinto2D/Assets
GfxDevice: creating device client; threaded=0; jobified=0
Direct3D:
    Version:  Direct3D 11.0 [level 11.1]
    Renderer: NVIDIA GeForce GTX 1050 Ti (ID=0x1c8c)
    Vendor:   NVIDIA
    VRAM:     4018 MB
    Driver:   26.21.14.4223
Initialize mono
Mono path[0] = 'D:/Unity/2021.1.0f1/Editor/Data/Managed'
Mono path[1] = 'D:/Unity/2021.1.0f1/Editor/Data/MonoBleedingEdge/lib/mono/unityjit'
Mono config path = 'D:/Unity/2021.1.0f1/Editor/Data/MonoBleedingEdge/etc'
Using monoOptions --debugger-agent=transport=dt_socket,embedding=1,server=y,suspend=n,address=127.0.0.1:56340
Begin MonoManager ReloadAssembly
Registering precompiled unity dll's ...
Register platform support module: D:/Unity/2021.1.0f1/Editor/Data/PlaybackEngines/WindowsStandaloneSupport/UnityEditor.WindowsStandalone.Extensions.dll
Registered in 0.003756 seconds.
Native extension for WindowsStandalone target not found
Refreshing native plugins compatible for Editor in 29.79 ms, found 1 plugins.
Preloading 0 native plugins for Editor in 0.00 ms.
Mono: successfully reloaded assembly
- Completed reload, in  1.347 seconds
Platform modules already initialized, skipping
Registering precompiled user dll's ...
Registered in 0.001315 seconds.
Begin MonoManager ReloadAssembly
Native extension for WindowsStandalone target not found
Refreshing native plugins compatible for Editor in 0.28 ms, found 1 plugins.
Preloading 0 native plugins for Editor in 0.00 ms.
Mono: successfully reloaded assembly
- Completed reload, in  0.897 seconds
Platform modules already initialized, skipping
========================================================================
Worker process is ready to serve import requests
Launched and connected shader compiler UnityShaderCompiler.exe after 0.05 seconds
Refreshing native plugins compatible for Editor in 0.69 ms, found 1 plugins.
Preloading 0 native plugins for Editor in 0.00 ms.
Unloading 1582 Unused Serialized files (Serialized files now loaded: 0)
System memory in use before: 77.8 MB.
System memory in use after: 77.8 MB.

Unloading 18 unused Assets to reduce memory usage. Loaded Objects now: 2042.
Total: 4.056600 ms (FindLiveObjects: 0.270300 ms CreateObjectMapping: 0.114100 ms MarkObjects: 3.560700 ms  DeleteObjects: 0.109600 ms)

========================================================================
Received Import Request.
  path: Assets/Scenes/Nivel1.unity
  artifactKey: Guid(2cda990e2423bbf4892e6590ba056729) Importer(815301076,1909f56bfc062723c751e8b465ee728b)
Start importing Assets/Scenes/Nivel1.unity using Guid(2cda990e2423bbf4892e6590ba056729) Importer(815301076,1909f56bfc062723c751e8b465ee728b)  -> (artifact id: 'f15ec7765ff4723966e9ad97f2aacdcc') in 0.023032 seconds 
========================================================================
Received Import Request.
  Time since last request: 12.800393 seconds.
  path: Assets/Scenes/Nivel1.unity
  artifactKey: Guid(2cda990e2423bbf4892e6590ba056729) Importer(815301076,1909f56bfc062723c751e8b465ee728b)
Start importing Assets/Scenes/Nivel1.unity using Guid(2cda990e2423bbf4892e6590ba056729) Importer(815301076,1909f56bfc062723c751e8b465ee728b)  -> (artifact id: '6e57f25ba1b7aa6e538790ec6df634f0') in 0.003761 seconds 
========================================================================
Received Prepare
Registering precompiled user dll's ...
Registered in 0.001331 seconds.
Begin MonoManager ReloadAssembly
Native extension for WindowsStandalone target not found
Refreshing native plugins compatible for Editor in 0.29 ms, found 1 plugins.
Preloading 0 native plugins for Editor in 0.00 ms.
Mono: successfully reloaded assembly
- Completed reload, in  0.853 seconds
Platform modules already initialized, skipping
Refreshing native plugins compatible for Editor in 0.43 ms, found 1 plugins.
Preloading 0 native plugins for Editor in 0.00 ms.
Unloading 1573 Unused Serialized files (Serialized files now loaded: 0)
System memory in use before: 77.4 MB.
System memory in use after: 77.5 MB.

Unloading 7 unused Assets to reduce memory usage. Loaded Objects now: 2045.
Total: 1.892600 ms (FindLiveObjects: 0.188100 ms CreateObjectMapping: 0.071900 ms MarkObjects: 1.616200 ms  DeleteObjects: 0.015600 ms)

========================================================================
Received Import Request.
  Time since last request: 162.566171 seconds.
  path: Assets/Tiles/Paleta1.prefab
  artifactKey: Guid(5d20f8cc0ffd80741adfeb2f241c1966) Importer(815301076,1909f56bfc062723c751e8b465ee728b)
Start importing Assets/Tiles/Paleta1.prefab using Guid(5d20f8cc0ffd80741adfeb2f241c1966) Importer(815301076,1909f56bfc062723c751e8b465ee728b)  -> (artifact id: '18b78cf637a0ac5e6129a0b6ce8b5984') in 0.040485 seconds 
========================================================================
Received Import Request.
  Time since last request: 0.000467 seconds.
  path: Assets/Tiles/Tileset.png
  artifactKey: Guid(587c605697b122348a6299dab0fae93f) Importer(815301076,1909f56bfc062723c751e8b465ee728b)
Start importing Assets/Tiles/Tileset.png using Guid(587c605697b122348a6299dab0fae93f) Importer(815301076,1909f56bfc062723c751e8b465ee728b)  -> (artifact id: '86029808cc83bdddb263da0b57a93205') in 0.137744 seconds 
========================================================================
Received Import Request.
  Time since last request: 6.152089 seconds.
  path: Assets/Tiles/Paleta1.prefab
  artifactKey: Guid(5d20f8cc0ffd80741adfeb2f241c1966) Importer(815301076,1909f56bfc062723c751e8b465ee728b)
Start importing Assets/Tiles/Paleta1.prefab using Guid(5d20f8cc0ffd80741adfeb2f241c1966) Importer(815301076,1909f56bfc062723c751e8b465ee728b)  -> (artifact id: '098dcf594ab962fa92188f8e678eb2e3') in 0.003556 seconds 
========================================================================
Received Import Request.
  Time since last request: 0.000283 seconds.
  path: Assets/Tiles/Tileset.asset
  artifactKey: Guid(1a204c15d9f4b2d4aa636705554b205a) Importer(815301076,1909f56bfc062723c751e8b465ee728b)
Start importing Assets/Tiles/Tileset.asset using Guid(1a204c15d9f4b2d4aa636705554b205a) Importer(815301076,1909f56bfc062723c751e8b465ee728b)  -> (artifact id: '8eb01cdc8f817a266f74403cb6ac2f06') in 0.071672 seconds 
========================================================================
Received Import Request.
  Time since last request: 201.988392 seconds.
  path: Assets/Sprites/Tileset.png
  artifactKey: Guid(a1fdb741efd09da4f90f6aa229bc8139) Importer(815301076,1909f56bfc062723c751e8b465ee728b)
Start importing Assets/Sprites/Tileset.png using Guid(a1fdb741efd09da4f90f6aa229bc8139) Importer(815301076,1909f56bfc062723c751e8b465ee728b)  -> (artifact id: '2117575f686dc32d54df1bc4fe4f1866') in 0.012404 seconds 
========================================================================
Received Import Request.
  Time since last request: 33.745397 seconds.
  path: Assets/Sprites/Tileset.png
  artifactKey: Guid(a1fdb741efd09da4f90f6aa229bc8139) Importer(815301076,1909f56bfc062723c751e8b465ee728b)
Start importing Assets/Sprites/Tileset.png using Guid(a1fdb741efd09da4f90f6aa229bc8139) Importer(815301076,1909f56bfc062723c751e8b465ee728b)  -> (artifact id: 'e264a16973493dbe13457a9da40cdb8e') in 0.184708 seconds 
========================================================================
Received Import Request.
  Time since last request: 40.403745 seconds.
  path: Assets/Sprites/Tileset.png
  artifactKey: Guid(a1fdb741efd09da4f90f6aa229bc8139) Importer(815301076,1909f56bfc062723c751e8b465ee728b)
Start importing Assets/Sprites/Tileset.png using Guid(a1fdb741efd09da4f90f6aa229bc8139) Importer(815301076,1909f56bfc062723c751e8b465ee728b)  -> (artifact id: '5243c1e06eb7735245f5655511b5f748') in 0.268470 seconds 
========================================================================
Received Prepare
Registering precompiled user dll's ...
Registered in 0.001305 seconds.
Begin MonoManager ReloadAssembly
Native extension for WindowsStandalone target not found
Refreshing native plugins compatible for Editor in 0.33 ms, found 1 plugins.
Preloading 0 native plugins for Editor in 0.00 ms.
Mono: successfully reloaded assembly
- Completed reload, in  0.891 seconds
Platform modules already initialized, skipping
Refreshing native plugins compatible for Editor in 0.39 ms, found 1 plugins.
Preloading 0 native plugins for Editor in 0.00 ms.
Unloading 1574 Unused Serialized files (Serialized files now loaded: 0)
System memory in use before: 83.2 MB.
System memory in use after: 83.3 MB.

Unloading 7 unused Assets to reduce memory usage. Loaded Objects now: 2115.
Total: 2.134200 ms (FindLiveObjects: 0.202400 ms CreateObjectMapping: 0.054100 ms MarkObjects: 1.855800 ms  DeleteObjects: 0.020600 ms)

========================================================================
Received Prepare
Registering precompiled user dll's ...
Registered in 0.001390 seconds.
Begin MonoManager ReloadAssembly
Native extension for WindowsStandalone target not found
Refreshing native plugins compatible for Editor in 0.31 ms, found 1 plugins.
Preloading 0 native plugins for Editor in 0.00 ms.
Mono: successfully reloaded assembly
- Completed reload, in  0.855 seconds
Platform modules already initialized, skipping
Refreshing native plugins compatible for Editor in 0.65 ms, found 1 plugins.
Preloading 0 native plugins for Editor in 0.00 ms.
Unloading 1573 Unused Serialized files (Serialized files now loaded: 0)
System memory in use before: 83.2 MB.
System memory in use after: 83.3 MB.

Unloading 7 unused Assets to reduce memory usage. Loaded Objects now: 2118.
Total: 1.994900 ms (FindLiveObjects: 0.139900 ms CreateObjectMapping: 0.050100 ms MarkObjects: 1.786400 ms  DeleteObjects: 0.017800 ms)

========================================================================
Received Import Request.
  Time since last request: 696.668609 seconds.
  path: Assets/2DBirds_Pack3/Spritesheets/Bird1/B1 Red Sheet.png
  artifactKey: Guid(17c558ddb31742c42894aa507b18c308) Importer(815301076,1909f56bfc062723c751e8b465ee728b)
Start importing Assets/2DBirds_Pack3/Spritesheets/Bird1/B1 Red Sheet.png using Guid(17c558ddb31742c42894aa507b18c308) Importer(815301076,1909f56bfc062723c751e8b465ee728b)  -> (artifact id: '8e35b13acdf17bea2f20cb3c501a7775') in 0.147712 seconds 
========================================================================
Received Import Request.
  Time since last request: 0.000270 seconds.
  path: Assets/2DBirds_Pack3/Spritesheets/Bird1/Bird1 Blue.png
  artifactKey: Guid(0c6b4087be1c8984989b77955f1cc287) Importer(815301076,1909f56bfc062723c751e8b465ee728b)
Start importing Assets/2DBirds_Pack3/Spritesheets/Bird1/Bird1 Blue.png using Guid(0c6b4087be1c8984989b77955f1cc287) Importer(815301076,1909f56bfc062723c751e8b465ee728b)  -> (artifact id: '49bba1b90d307bc7bfcec902282a9856') in 0.111123 seconds 
========================================================================
Received Import Request.
  Time since last request: 0.000306 seconds.
  path: Assets/2DBirds_Pack3/Spritesheets/Bird1/Bird 1 Pink.png
  artifactKey: Guid(9176962214b43bc45ae68c2f7bc7b380) Importer(815301076,1909f56bfc062723c751e8b465ee728b)
Start importing Assets/2DBirds_Pack3/Spritesheets/Bird1/Bird 1 Pink.png using Guid(9176962214b43bc45ae68c2f7bc7b380) Importer(815301076,1909f56bfc062723c751e8b465ee728b)  -> (artifact id: '7ffd60822a7656442f3c41f77473845d') in 0.087741 seconds 
========================================================================
Received Import Request.
  Time since last request: 97.699921 seconds.
  path: Assets/2DBirds_Pack3/Prefabs/Bird1
  artifactKey: Guid(19935474c9a2d9c479bfe753c652802c) Importer(815301076,1909f56bfc062723c751e8b465ee728b)
Start importing Assets/2DBirds_Pack3/Prefabs/Bird1 using Guid(19935474c9a2d9c479bfe753c652802c) Importer(815301076,1909f56bfc062723c751e8b465ee728b)  -> (artifact id: '4ee8b75d49f62e9738dd7b64ee626a13') in 0.002416 seconds 
========================================================================
Received Import Request.
  Time since last request: 0.043786 seconds.
  path: Assets/2DBirds_Pack3/Prefabs/Bird1/B1 Red Sheet_0.prefab
  artifactKey: Guid(a23feaf1d7a3acb449af59db52c27e97) Importer(815301076,1909f56bfc062723c751e8b465ee728b)
Start importing Assets/2DBirds_Pack3/Prefabs/Bird1/B1 Red Sheet_0.prefab using Guid(a23feaf1d7a3acb449af59db52c27e97) Importer(815301076,1909f56bfc062723c751e8b465ee728b)  -> (artifact id: '28e886e9018bdfbe6ff2656dfc52819c') in 0.433492 seconds 
========================================================================
Received Import Request.
  Time since last request: 0.000245 seconds.
  path: Assets/2DBirds_Pack3/Prefabs/Bird1/Bird1 Blue_0.prefab
  artifactKey: Guid(b10e2fec0878b9d478768d2325764f00) Importer(815301076,1909f56bfc062723c751e8b465ee728b)
Start importing Assets/2DBirds_Pack3/Prefabs/Bird1/Bird1 Blue_0.prefab using Guid(b10e2fec0878b9d478768d2325764f00) Importer(815301076,1909f56bfc062723c751e8b465ee728b)  -> (artifact id: 'b764379753df22e6b88be33ab0339d12') in 0.044207 seconds 
========================================================================
Received Import Request.
  Time since last request: 0.000261 seconds.
  path: Assets/2DBirds_Pack3/Prefabs/Bird1/Bird 1 Pink_0.prefab
  artifactKey: Guid(f16f6a210440df44e87687a72d5825c9) Importer(815301076,1909f56bfc062723c751e8b465ee728b)
Start importing Assets/2DBirds_Pack3/Prefabs/Bird1/Bird 1 Pink_0.prefab using Guid(f16f6a210440df44e87687a72d5825c9) Importer(815301076,1909f56bfc062723c751e8b465ee728b)  -> (artifact id: '70dde56deea1592192793473bf480872') in 0.044547 seconds 
========================================================================
Received Import Request.
  Time since last request: 21.025421 seconds.
  path: Assets/2DBirds_Pack3/Prefabs/Bird1/B1 Red Sheet_0.prefab
  artifactKey: Guid(a23feaf1d7a3acb449af59db52c27e97) Importer(815301076,1909f56bfc062723c751e8b465ee728b)
Start importing Assets/2DBirds_Pack3/Prefabs/Bird1/B1 Red Sheet_0.prefab using Guid(a23feaf1d7a3acb449af59db52c27e97) Importer(815301076,1909f56bfc062723c751e8b465ee728b)  -> (artifact id: 'f22ec0a6e9a0e1a205d70586504f296d') in 0.041738 seconds 
========================================================================
Received Import Request.
  Time since last request: 1.229892 seconds.
  path: Assets/2DBirds_Pack3/Prefabs/Bird1/B1 Red Sheet_0.prefab
  artifactKey: Guid(a23feaf1d7a3acb449af59db52c27e97) Importer(815301076,1909f56bfc062723c751e8b465ee728b)
Start importing Assets/2DBirds_Pack3/Prefabs/Bird1/B1 Red Sheet_0.prefab using Guid(a23feaf1d7a3acb449af59db52c27e97) Importer(815301076,1909f56bfc062723c751e8b465ee728b)  -> (artifact id: 'ea706c68b1433681f7ed3bcf11cb822f') in 0.038992 seconds 
========================================================================
Received Import Request.
  Time since last request: 3.186952 seconds.
  path: Assets/2DBirds_Pack3/Prefabs/Bird1/B1 Red Sheet_0.prefab
  artifactKey: Guid(a23feaf1d7a3acb449af59db52c27e97) Importer(815301076,1909f56bfc062723c751e8b465ee728b)
Start importing Assets/2DBirds_Pack3/Prefabs/Bird1/B1 Red Sheet_0.prefab using Guid(a23feaf1d7a3acb449af59db52c27e97) Importer(815301076,1909f56bfc062723c751e8b465ee728b)  -> (artifact id: 'c15d42b96d77d501135ad1ea9121bd4f') in 0.037981 seconds 
========================================================================
Received Import Request.
  Time since last request: 34.966196 seconds.
  path: Assets/2DBirds_Pack3/Prefabs/Bird2/B2 Red_0.prefab
  artifactKey: Guid(c1185450092fbfe4dafabb415f471213) Importer(815301076,1909f56bfc062723c751e8b465ee728b)
Start importing Assets/2DBirds_Pack3/Prefabs/Bird2/B2 Red_0.prefab using Guid(c1185450092fbfe4dafabb415f471213) Importer(815301076,1909f56bfc062723c751e8b465ee728b)  -> (artifact id: '5108da6040f6f9015cfbf287f76a5fde') in 0.017219 seconds 
========================================================================
Received Import Request.
  Time since last request: 0.000266 seconds.
  path: Assets/2DBirds_Pack3/Prefabs/Bird2/Bird 2 Blue_0.prefab
  artifactKey: Guid(05a02c25443fde64ea31ba08a2616588) Importer(815301076,1909f56bfc062723c751e8b465ee728b)
Start importing Assets/2DBirds_Pack3/Prefabs/Bird2/Bird 2 Blue_0.prefab using Guid(05a02c25443fde64ea31ba08a2616588) Importer(815301076,1909f56bfc062723c751e8b465ee728b)  -> (artifact id: 'e2de14858de632e82c0ec54369fdf6c3') in 0.015609 seconds 
========================================================================
Received Import Request.
  Time since last request: 0.000305 seconds.
  path: Assets/2DBirds_Pack3/Prefabs/Bird2/Bird2 Black_0.prefab
  artifactKey: Guid(c612ff6b6633e3e4881d5675668d8d5a) Importer(815301076,1909f56bfc062723c751e8b465ee728b)
Start importing Assets/2DBirds_Pack3/Prefabs/Bird2/Bird2 Black_0.prefab using Guid(c612ff6b6633e3e4881d5675668d8d5a) Importer(815301076,1909f56bfc062723c751e8b465ee728b)  -> (artifact id: 'b57e85be40c75a28f3773e1860732fa7') in 0.014330 seconds 
========================================================================
Received Import Request.
  Time since last request: 2.799029 seconds.
  path: Assets/2DBirds_Pack3/Prefabs/Bird3/B3 Orange_0.prefab
  artifactKey: Guid(4d062cd1824ba94428d223604521f11c) Importer(815301076,1909f56bfc062723c751e8b465ee728b)
Start importing Assets/2DBirds_Pack3/Prefabs/Bird3/B3 Orange_0.prefab using Guid(4d062cd1824ba94428d223604521f11c) Importer(815301076,1909f56bfc062723c751e8b465ee728b)  -> (artifact id: '30061569452ff011774302d654a041fa') in 0.018079 seconds 
========================================================================
Received Import Request.
  Time since last request: 0.000310 seconds.
  path: Assets/2DBirds_Pack3/Prefabs/Bird3/Bird3_0.prefab
  artifactKey: Guid(9f2f6c974cc8ec64f8c7558a512a6e5c) Importer(815301076,1909f56bfc062723c751e8b465ee728b)
Start importing Assets/2DBirds_Pack3/Prefabs/Bird3/Bird3_0.prefab using Guid(9f2f6c974cc8ec64f8c7558a512a6e5c) Importer(815301076,1909f56bfc062723c751e8b465ee728b)  -> (artifact id: '2e73e504811ae785b391ee9831b8b440') in 0.019120 seconds 
========================================================================
Received Import Request.
  Time since last request: 0.000266 seconds.
  path: Assets/2DBirds_Pack3/Prefabs/Bird3/Bird3_Blue.prefab
  artifactKey: Guid(da8ae10a3ebc59a429029c4955013e6e) Importer(815301076,1909f56bfc062723c751e8b465ee728b)
Start importing Assets/2DBirds_Pack3/Prefabs/Bird3/Bird3_Blue.prefab using Guid(da8ae10a3ebc59a429029c4955013e6e) Importer(815301076,1909f56bfc062723c751e8b465ee728b)  -> (artifact id: 'c4ceae0d0e1def72f2e4e05a35aee993') in 0.017403 seconds 
========================================================================
Received Import Request.
  Time since last request: 3.070258 seconds.
  path: Assets/2DBirds_Pack3/Prefabs/Bird4/Bird 4 Pink_0.prefab
  artifactKey: Guid(df515bad065879540beb6bd970cdd158) Importer(815301076,1909f56bfc062723c751e8b465ee728b)
Start importing Assets/2DBirds_Pack3/Prefabs/Bird4/Bird 4 Pink_0.prefab using Guid(df515bad065879540beb6bd970cdd158) Importer(815301076,1909f56bfc062723c751e8b465ee728b)  -> (artifact id: '264fcd0becd2ee46e7499b35eefaf730') in 0.017242 seconds 
========================================================================
Received Import Request.
  Time since last request: 0.000293 seconds.
  path: Assets/2DBirds_Pack3/Prefabs/Bird4/Bird 4 Yellow_0.prefab
  artifactKey: Guid(56a5e85aef8c4a04ead72e11bebb16f0) Importer(815301076,1909f56bfc062723c751e8b465ee728b)
Start importing Assets/2DBirds_Pack3/Prefabs/Bird4/Bird 4 Yellow_0.prefab using Guid(56a5e85aef8c4a04ead72e11bebb16f0) Importer(815301076,1909f56bfc062723c751e8b465ee728b)  -> (artifact id: 'd9ee41a4fa5b09b9c171c72034b038e9') in 0.017287 seconds 
========================================================================
Received Import Request.
  Time since last request: 0.000242 seconds.
  path: Assets/2DBirds_Pack3/Prefabs/Bird4/Bird4_Cyan.prefab
  artifactKey: Guid(3338530678f6dc1469e15530c927e585) Importer(815301076,1909f56bfc062723c751e8b465ee728b)
Start importing Assets/2DBirds_Pack3/Prefabs/Bird4/Bird4_Cyan.prefab using Guid(3338530678f6dc1469e15530c927e585) Importer(815301076,1909f56bfc062723c751e8b465ee728b)  -> (artifact id: 'aca9b8ce51d6c28829f7a979d5f529a9') in 0.021816 seconds 
========================================================================
Received Import Request.
  Time since last request: 1.360750 seconds.
  path: Assets/2DBirds_Pack3/Prefabs/Bird5/Bird 5 Black_0.prefab
  artifactKey: Guid(a6ae64a291df042458a1e2add59dc500) Importer(815301076,1909f56bfc062723c751e8b465ee728b)
Start importing Assets/2DBirds_Pack3/Prefabs/Bird5/Bird 5 Black_0.prefab using Guid(a6ae64a291df042458a1e2add59dc500) Importer(815301076,1909f56bfc062723c751e8b465ee728b)  -> (artifact id: 'cdd091548db28e2bcecd606c3afb92f1') in 0.015150 seconds 
========================================================================
Received Import Request.
  Time since last request: 0.000271 seconds.
  path: Assets/2DBirds_Pack3/Prefabs/Bird5/Bird 5 Pink_0.prefab
  artifactKey: Guid(038c88a714c34504daf1ad8f4ba62516) Importer(815301076,1909f56bfc062723c751e8b465ee728b)
Start importing Assets/2DBirds_Pack3/Prefabs/Bird5/Bird 5 Pink_0.prefab using Guid(038c88a714c34504daf1ad8f4ba62516) Importer(815301076,1909f56bfc062723c751e8b465ee728b)  -> (artifact id: 'b9980af9bc14851681734c59b51e4b9b') in 0.019579 seconds 
========================================================================
Received Import Request.
  Time since last request: 0.000269 seconds.
  path: Assets/2DBirds_Pack3/Prefabs/Bird5/Bird5_LightYellow.prefab
  artifactKey: Guid(48fcee33ce9749245b78dfb0a369c85b) Importer(815301076,1909f56bfc062723c751e8b465ee728b)
Start importing Assets/2DBirds_Pack3/Prefabs/Bird5/Bird5_LightYellow.prefab using Guid(48fcee33ce9749245b78dfb0a369c85b) Importer(815301076,1909f56bfc062723c751e8b465ee728b)  -> (artifact id: '9c8ce247f2420ec88ca08c6ccdf13791') in 0.023353 seconds 
========================================================================
Received Import Request.
  Time since last request: 0.000259 seconds.
  path: Assets/2DBirds_Pack3/Prefabs/Bird5/Bird 5 Green_0.prefab
  artifactKey: Guid(8bb6de5804897a34ebe7f561024de444) Importer(815301076,1909f56bfc062723c751e8b465ee728b)
Start importing Assets/2DBirds_Pack3/Prefabs/Bird5/Bird 5 Green_0.prefab using Guid(8bb6de5804897a34ebe7f561024de444) Importer(815301076,1909f56bfc062723c751e8b465ee728b)  -> (artifact id: '9c7f4e32bb6344ddb0d77a1161aba73f') in 0.019349 seconds 
========================================================================
Received Prepare
Registering precompiled user dll's ...
Registered in 0.001724 seconds.
Begin MonoManager ReloadAssembly
Native extension for WindowsStandalone target not found
Refreshing native plugins compatible for Editor in 0.31 ms, found 1 plugins.
Preloading 0 native plugins for Editor in 0.00 ms.
Mono: successfully reloaded assembly
- Completed reload, in  1.056 seconds
Platform modules already initialized, skipping
Refreshing native plugins compatible for Editor in 0.63 ms, found 1 plugins.
Preloading 0 native plugins for Editor in 0.00 ms.
Unloading 1576 Unused Serialized files (Serialized files now loaded: 0)
System memory in use before: 199.3 MB.
System memory in use after: 199.4 MB.

Unloading 7 unused Assets to reduce memory usage. Loaded Objects now: 2174.
Total: 2.051400 ms (FindLiveObjects: 0.196100 ms CreateObjectMapping: 0.069600 ms MarkObjects: 1.769400 ms  DeleteObjects: 0.015300 ms)

========================================================================
Received Import Request.
  Time since last request: 11.690142 seconds.
  path: Assets/2DBirds_Pack3/Prefabs/Bird4/Bird 4 Yellow_0.prefab
  artifactKey: Guid(56a5e85aef8c4a04ead72e11bebb16f0) Importer(815301076,1909f56bfc062723c751e8b465ee728b)
Start importing Assets/2DBirds_Pack3/Prefabs/Bird4/Bird 4 Yellow_0.prefab using Guid(56a5e85aef8c4a04ead72e11bebb16f0) Importer(815301076,1909f56bfc062723c751e8b465ee728b)  -> (artifact id: 'f5c5fea2996557ce0287a59b0d37788f') in 0.058602 seconds 
========================================================================
Received Import Request.
  Time since last request: 0.879407 seconds.
  path: Assets/2DBirds_Pack3/Prefabs/Bird4/Bird 4 Yellow_0.prefab
  artifactKey: Guid(56a5e85aef8c4a04ead72e11bebb16f0) Importer(815301076,1909f56bfc062723c751e8b465ee728b)
Start importing Assets/2DBirds_Pack3/Prefabs/Bird4/Bird 4 Yellow_0.prefab using Guid(56a5e85aef8c4a04ead72e11bebb16f0) Importer(815301076,1909f56bfc062723c751e8b465ee728b)  -> (artifact id: '22d5e88741a1b54920707052b24e9a43') in 0.014717 seconds 
========================================================================
Received Import Request.
  Time since last request: 80.602840 seconds.
  path: Assets/Scripts/Enemigo.cs
  artifactKey: Guid(2b06f2dd869e7284db64bd75838d3885) Importer(815301076,1909f56bfc062723c751e8b465ee728b)
Start importing Assets/Scripts/Enemigo.cs using Guid(2b06f2dd869e7284db64bd75838d3885) Importer(815301076,1909f56bfc062723c751e8b465ee728b)  -> (artifact id: 'c66c5665c33f63bdd5db2f92136078ae') in 0.007205 seconds 
========================================================================
Received Prepare
Registering precompiled user dll's ...
Registered in 0.095491 seconds.
Begin MonoManager ReloadAssembly
Native extension for WindowsStandalone target not found
Refreshing native plugins compatible for Editor in 0.39 ms, found 1 plugins.
Preloading 0 native plugins for Editor in 0.00 ms.
Mono: successfully reloaded assembly
- Completed reload, in  0.878 seconds
Platform modules already initialized, skipping
Refreshing native plugins compatible for Editor in 0.74 ms, found 1 plugins.
Preloading 0 native plugins for Editor in 0.00 ms.
Unloading 1574 Unused Serialized files (Serialized files now loaded: 0)
System memory in use before: 199.2 MB.
System memory in use after: 199.3 MB.

Unloading 7 unused Assets to reduce memory usage. Loaded Objects now: 2179.
Total: 2.339300 ms (FindLiveObjects: 0.200300 ms CreateObjectMapping: 0.068600 ms MarkObjects: 2.052900 ms  DeleteObjects: 0.016200 ms)

========================================================================
Received Prepare
Registering precompiled user dll's ...
Registered in 0.001458 seconds.
Begin MonoManager ReloadAssembly
Native extension for WindowsStandalone target not found
Refreshing native plugins compatible for Editor in 0.31 ms, found 1 plugins.
Preloading 0 native plugins for Editor in 0.00 ms.
Mono: successfully reloaded assembly
- Completed reload, in  0.870 seconds
Platform modules already initialized, skipping
Refreshing native plugins compatible for Editor in 0.39 ms, found 1 plugins.
Preloading 0 native plugins for Editor in 0.00 ms.
Unloading 1574 Unused Serialized files (Serialized files now loaded: 0)
System memory in use before: 199.2 MB.
System memory in use after: 199.3 MB.

Unloading 7 unused Assets to reduce memory usage. Loaded Objects now: 2182.
Total: 4.276600 ms (FindLiveObjects: 0.445200 ms CreateObjectMapping: 0.215000 ms MarkObjects: 3.590500 ms  DeleteObjects: 0.023300 ms)

========================================================================
Received Import Request.
  Time since last request: 155.156146 seconds.
  path: Assets/Scripts/Enemigo.cs
  artifactKey: Guid(2b06f2dd869e7284db64bd75838d3885) Importer(815301076,1909f56bfc062723c751e8b465ee728b)
Start importing Assets/Scripts/Enemigo.cs using Guid(2b06f2dd869e7284db64bd75838d3885) Importer(815301076,1909f56bfc062723c751e8b465ee728b)  -> (artifact id: 'eb1881cb6a3b1a1f4ef8c69ddb44a251') in 0.010176 seconds 
========================================================================
Received Prepare
Registering precompiled user dll's ...
Registered in 0.001387 seconds.
Begin MonoManager ReloadAssembly
Native extension for WindowsStandalone target not found
Refreshing native plugins compatible for Editor in 0.47 ms, found 1 plugins.
Preloading 0 native plugins for Editor in 0.00 ms.
Mono: successfully reloaded assembly
- Completed reload, in  0.903 seconds
Platform modules already initialized, skipping
Refreshing native plugins compatible for Editor in 0.61 ms, found 1 plugins.
Preloading 0 native plugins for Editor in 0.00 ms.
Unloading 1574 Unused Serialized files (Serialized files now loaded: 0)
System memory in use before: 199.2 MB.
System memory in use after: 199.3 MB.

Unloading 7 unused Assets to reduce memory usage. Loaded Objects now: 2185.
Total: 2.391500 ms (FindLiveObjects: 0.507100 ms CreateObjectMapping: 0.104500 ms MarkObjects: 1.763800 ms  DeleteObjects: 0.012900 ms)

========================================================================
Received Prepare
Registering precompiled user dll's ...
Registered in 0.001290 seconds.
Begin MonoManager ReloadAssembly
Native extension for WindowsStandalone target not found
Refreshing native plugins compatible for Editor in 0.31 ms, found 1 plugins.
Preloading 0 native plugins for Editor in 0.00 ms.
Mono: successfully reloaded assembly
- Completed reload, in  0.835 seconds
Platform modules already initialized, skipping
Refreshing native plugins compatible for Editor in 0.42 ms, found 1 plugins.
Preloading 0 native plugins for Editor in 0.00 ms.
Unloading 1574 Unused Serialized files (Serialized files now loaded: 0)
System memory in use before: 199.2 MB.
System memory in use after: 199.3 MB.

Unloading 7 unused Assets to reduce memory usage. Loaded Objects now: 2188.
Total: 1.927300 ms (FindLiveObjects: 0.176500 ms CreateObjectMapping: 0.059700 ms MarkObjects: 1.677700 ms  DeleteObjects: 0.012300 ms)

========================================================================
Received Prepare
Registering precompiled user dll's ...
Registered in 0.001293 seconds.
Begin MonoManager ReloadAssembly
Native extension for WindowsStandalone target not found
Refreshing native plugins compatible for Editor in 0.34 ms, found 1 plugins.
Preloading 0 native plugins for Editor in 0.00 ms.
Mono: successfully reloaded assembly
- Completed reload, in  0.870 seconds
Platform modules already initialized, skipping
Refreshing native plugins compatible for Editor in 0.42 ms, found 1 plugins.
Preloading 0 native plugins for Editor in 0.00 ms.
Unloading 1574 Unused Serialized files (Serialized files now loaded: 0)
System memory in use before: 199.2 MB.
System memory in use after: 199.4 MB.

Unloading 7 unused Assets to reduce memory usage. Loaded Objects now: 2191.
Total: 2.249700 ms (FindLiveObjects: 0.157600 ms CreateObjectMapping: 0.052600 ms MarkObjects: 2.018400 ms  DeleteObjects: 0.019600 ms)

========================================================================
Received Prepare
Registering precompiled user dll's ...
Registered in 0.001264 seconds.
Begin MonoManager ReloadAssembly
Native extension for WindowsStandalone target not found
Refreshing native plugins compatible for Editor in 0.36 ms, found 1 plugins.
Preloading 0 native plugins for Editor in 0.00 ms.
Mono: successfully reloaded assembly
- Completed reload, in  0.916 seconds
Platform modules already initialized, skipping
Refreshing native plugins compatible for Editor in 0.37 ms, found 1 plugins.
Preloading 0 native plugins for Editor in 0.00 ms.
Unloading 1574 Unused Serialized files (Serialized files now loaded: 0)
System memory in use before: 199.3 MB.
System memory in use after: 199.4 MB.

Unloading 7 unused Assets to reduce memory usage. Loaded Objects now: 2194.
Total: 1.981900 ms (FindLiveObjects: 0.185100 ms CreateObjectMapping: 0.055000 ms MarkObjects: 1.727900 ms  DeleteObjects: 0.012500 ms)

========================================================================
Received Import Request.
  Time since last request: 724.894948 seconds.
  path: Assets/2DBirds_Pack3/Prefabs
  artifactKey: Guid(9816059ce2063494082f6a6699d616f9) Importer(815301076,1909f56bfc062723c751e8b465ee728b)
Start importing Assets/2DBirds_Pack3/Prefabs using Guid(9816059ce2063494082f6a6699d616f9) Importer(815301076,1909f56bfc062723c751e8b465ee728b)  -> (artifact id: 'aab71930470edabbbd88c87bdea5884a') in 0.005145 seconds 
========================================================================
Received Import Request.
  Time since last request: 2.610626 seconds.
  path: Assets/2DBirds_Pack3/Prefabs/Bird4
  artifactKey: Guid(af0d69325a98b09419f90eccf5ca442d) Importer(815301076,1909f56bfc062723c751e8b465ee728b)
Start importing Assets/2DBirds_Pack3/Prefabs/Bird4 using Guid(af0d69325a98b09419f90eccf5ca442d) Importer(815301076,1909f56bfc062723c751e8b465ee728b)  -> (artifact id: 'ca6c7e350d182d96fcd2717cd81fbcb3') in 0.003266 seconds 
========================================================================
Received Prepare
Registering precompiled user dll's ...
Registered in 0.001431 seconds.
Begin MonoManager ReloadAssembly
Native extension for WindowsStandalone target not found
Refreshing native plugins compatible for Editor in 0.33 ms, found 1 plugins.
Preloading 0 native plugins for Editor in 0.00 ms.
Mono: successfully reloaded assembly
- Completed reload, in  0.907 seconds
Platform modules already initialized, skipping
Refreshing native plugins compatible for Editor in 0.42 ms, found 1 plugins.
Preloading 0 native plugins for Editor in 0.00 ms.
Unloading 1574 Unused Serialized files (Serialized files now loaded: 0)
System memory in use before: 199.3 MB.
System memory in use after: 199.4 MB.

Unloading 7 unused Assets to reduce memory usage. Loaded Objects now: 2197.
Total: 2.126000 ms (FindLiveObjects: 0.231500 ms CreateObjectMapping: 0.108200 ms MarkObjects: 1.770300 ms  DeleteObjects: 0.015200 ms)

========================================================================
Received Prepare
Registering precompiled user dll's ...
Registered in 0.001399 seconds.
Begin MonoManager ReloadAssembly
Native extension for WindowsStandalone target not found
Refreshing native plugins compatible for Editor in 0.34 ms, found 1 plugins.
Preloading 0 native plugins for Editor in 0.00 ms.
Mono: successfully reloaded assembly
- Completed reload, in  0.914 seconds
Platform modules already initialized, skipping
Refreshing native plugins compatible for Editor in 0.43 ms, found 1 plugins.
Preloading 0 native plugins for Editor in 0.00 ms.
Unloading 1574 Unused Serialized files (Serialized files now loaded: 0)
System memory in use before: 199.3 MB.
System memory in use after: 199.4 MB.

Unloading 7 unused Assets to reduce memory usage. Loaded Objects now: 2200.
Total: 2.153100 ms (FindLiveObjects: 0.162700 ms CreateObjectMapping: 0.058600 ms MarkObjects: 1.918200 ms  DeleteObjects: 0.012700 ms)

========================================================================
Received Prepare
Registering precompiled user dll's ...
Registered in 0.001301 seconds.
Begin MonoManager ReloadAssembly
Native extension for WindowsStandalone target not found
Refreshing native plugins compatible for Editor in 0.32 ms, found 1 plugins.
Preloading 0 native plugins for Editor in 0.00 ms.
Mono: successfully reloaded assembly
- Completed reload, in  0.870 seconds
Platform modules already initialized, skipping
Refreshing native plugins compatible for Editor in 0.72 ms, found 1 plugins.
Preloading 0 native plugins for Editor in 0.00 ms.
Unloading 1574 Unused Serialized files (Serialized files now loaded: 0)
System memory in use before: 199.3 MB.
System memory in use after: 199.4 MB.

Unloading 7 unused Assets to reduce memory usage. Loaded Objects now: 2203.
Total: 3.427600 ms (FindLiveObjects: 0.245000 ms CreateObjectMapping: 0.107600 ms MarkObjects: 3.047500 ms  DeleteObjects: 0.026100 ms)

AssetImportWorkerClient::OnTransportError - code=2 error=End of file
